[ Apr 06 2012 15:01:25 ] [var/ezwebin_site/cache/template/compiled/path-877a566dff840621d56ee37ed6cb45b7.php]
[ Apr 06 2012 15:01:25 ] [var/ezwebin_site/cache/template/compiled/page_mainarea-82f7891352a6d883c990622a59858c0a.php]
[ Apr 06 2012 15:01:25 ] [var/ezwebin_site/cache/template/compiled/left_side_news-1834b0076cd8f3385460f7bfe2564b74.php]
[ Apr 06 2012 15:01:25 ] [var/ezwebin_site/cache/template/compiled/page_footer-2dae5fc11e8017f16a928fd63ae4eddc.php]
[ Apr 06 2012 15:01:25 ] [var/ezwebin_site/cache/template/compiled/page_footer_script-347a0777550d04786d785179bee84d73.php]
[ Apr 06 2012 15:01:26 ] [var/ezwebin_site/cache/template/compiled/debug_toolbar-af7338cffbe79b64815a5225b489d9be.php]
[ Apr 06 2012 15:01:26 ] [var/ezwebin_site/cache/template/compiled/clear_cache-fd4e8f762524e28f4e23ec4f8ae2f8a1.php]
[ Apr 06 2012 15:01:26 ] [var/ezwebin_site/cache/template/compiled/quick_settings-ee0c3448ac71179cbef1c0a34a5e30ec.php]
[ Apr 06 2012 15:02:47 ] [var/ezwebin_site/cache/template/compiled/frontpage-bf94d1f03a814aa6a92c3db42a38a1e4.php]
[ Apr 06 2012 15:02:48 ] [var/cache/ini/ezxml-be1b89f2c23b9154734014f7deb23108.php]
[ Apr 06 2012 15:02:48 ] [var/ezwebin_site/cache/template/compiled/ezxmltext-41ee2701a2b80dd96d0dbc9c1fd5fb58.php]
[ Apr 06 2012 15:02:48 ] [var/ezwebin_site/cache/template/compiled/paragraph-d3cea0519bbe12dd6c7e8eb8c7e1af35.php]
[ Apr 06 2012 15:02:48 ] [var/ezwebin_site/cache/template/compiled/td-36d3076c1b0dd8bb3a949e9ecc974608.php]
[ Apr 06 2012 15:02:48 ] [var/ezwebin_site/cache/template/compiled/tr-74bbbd9da14d7bc3e9002d1d75206722.php]
[ Apr 06 2012 15:02:48 ] [var/ezwebin_site/cache/template/compiled/link-4e1449396d3791b831f6a927b56836fc.php]
[ Apr 06 2012 15:02:48 ] [var/ezwebin_site/cache/template/compiled/li-a0a62ffaba810d6b5c3e24f18e53bdaf.php]
[ Apr 06 2012 15:02:48 ] [var/ezwebin_site/cache/template/compiled/ul-934e52e8b24cf12421ae190a7793e7e1.php]
[ Apr 06 2012 15:02:48 ] [var/ezwebin_site/cache/template/compiled/factbox-fc6c0e01d6c77bc999f3ed07b05e907e.php]
[ Apr 06 2012 15:02:48 ] [var/ezwebin_site/cache/template/compiled/quote-dc2edc60a83c132b6eda702938b8534c.php]
[ Apr 06 2012 15:02:48 ] [var/ezwebin_site/cache/template/compiled/table-d2dafa7efef61d331032d27fc4b33e3f.php]
[ Apr 06 2012 15:02:48 ] [var/cache/ini/site-dad2dbadeae286f59062e906d13bf6f9.php]
